[2025-08-05_09-02-05-387] Calling page.goto with args: ["https://stg.my.deliverit.com.au/"]
[2025-08-05_09-02-08-510] Calling page.getByRole with args: ["textbox",{"name":"Email"}]
[2025-08-05_09-02-08-514] Calling locator.click with args: []
[2025-08-05_09-02-08-768] Calling page.getByRole with args: ["textbox",{"name":"Email"}]
[2025-08-05_09-02-08-768] Calling locator.fill with args: ["vin.cuenza@easypos.com.ph"]
[2025-08-05_09-02-08-801] Calling page.getByRole with args: ["textbox",{"name":"Password"}]
[2025-08-05_09-02-08-802] Calling locator.click with args: []
[2025-08-05_09-02-08-853] Calling page.getByRole with args: ["textbox",{"name":"Password"}]
[2025-08-05_09-02-08-853] Calling locator.fill with args: ["Aa1234567890!"]
[2025-08-05_09-02-08-879] Calling page.getByRole with args: ["button",{"name":"Sign in"}]
[2025-08-05_09-02-08-879] Calling locator.click with args: []
[2025-08-05_09-02-08-946] Calling page.waitForURL with args: ["**/menu-manager/items"]
[2025-08-05_09-02-21-407] Calling page.locator with args: ["#btn-store-selector"]
[2025-08-05_09-02-21-408] Calling locator.nth with args: [0]
[2025-08-05_09-02-21-408] Calling locator.waitFor with args: []
[2025-08-05_09-02-21-492] Calling page.viewportSize with args: []
[2025-08-05_09-02-21-492] Calling page.locator with args: ["#btn-store-selector"]
[2025-08-05_09-02-21-493] Calling locator.nth with args: [0]
[2025-08-05_09-02-21-493] Calling locator.click with args: []
[2025-08-05_09-02-21-661] Calling page.getByRole with args: ["searchbox",{"name":"Search"}]
[2025-08-05_09-02-21-661] Calling locator.fill with args: ["VS Test Store 01"]
[2025-08-05_09-02-21-823] Calling page.getByRole with args: ["button",{"name":"VS Test Store 01"}]
[2025-08-05_09-02-21-824] Calling locator.click with args: []
[2025-08-05_09-02-21-911] Calling page.waitForTimeout with args: [10000]
[2025-08-05_09-02-31-983] Calling page.goto with args: ["https://stg.my.deliverit.com.au/deployment-log"]
[2025-08-05_09-02-33-743] Calling page.getByRole with args: ["checkbox",{"name":"Only show deployments for"}]
[2025-08-05_09-02-33-743] Calling locator.check with args: []
[2025-08-05_09-02-34-749] Calling page.waitForTimeout with args: [10000]
[2025-08-05_09-02-44-771] Calling page.locator with args: [".rdt_TableRow"]
[2025-08-05_09-02-44-772] Calling locator.count with args: []
[2025-08-05_09-02-44-792] → locator.count returned: 1
[2025-08-05_09-02-44-793] Calling locator.nth with args: [0]
[2025-08-05_09-02-44-793] Calling locator.locator with args: [".rdt_TableCell",{"hasText":"VS Test Store 01"}]
[2025-08-05_09-02-44-794] Calling locator.count with args: []
[2025-08-05_09-02-44-804] → locator.count returned: 1
[2025-08-05_09-02-44-804] Calling locator.locator with args: ["[data-column-id=\"status\"] label"]
[2025-08-05_09-02-44-804] Calling locator.textContent with args: []
[2025-08-05_09-02-44-818] → locator.textContent returned: "Success"
[2025-08-05_09-02-44-818] Calling page.goto with args: ["https://stg.my.deliverit.com.au/"]
[2025-08-05_09-02-45-952] Calling page.waitForTimeout with args: [10000]
[2025-08-05_09-02-55-976] Calling page.getByRole with args: ["textbox",{"name":"Search PLU / Item Name here"}]
[2025-08-05_09-02-55-976] Calling locator.click with args: []
[2025-08-05_09-02-56-076] Calling page.getByRole with args: ["textbox",{"name":"Search PLU / Item Name here"}]
[2025-08-05_09-02-56-077] Calling locator.fill with args: ["STP05"]
[2025-08-05_09-02-56-183] Calling page.locator with args: ["xpath=//div[@id=\"row-0\"]"]
[2025-08-05_09-02-56-193] Calling locator.nth with args: [0]
[2025-08-05_09-02-56-202] Calling locator.click with args: []
[2025-08-05_09-02-56-340] Calling page.getByRole with args: ["textbox",{"name":"Display Name"}]
[2025-08-05_09-02-56-340] Calling locator.click with args: []
[2025-08-05_09-02-58-356] Calling keyboard.press with args: ["l"]
[2025-08-05_09-02-58-405] Calling keyboard.press with args: ["n"]
[2025-08-05_09-02-58-463] Calling keyboard.press with args: ["h"]
[2025-08-05_09-02-58-501] Calling page.getByRole with args: ["textbox",{"name":"Print Name"}]
[2025-08-05_09-02-58-501] Calling locator.click with args: []
[2025-08-05_09-02-58-764] Calling keyboard.press with args: ["l"]
[2025-08-05_09-02-58-809] Calling keyboard.press with args: ["n"]
[2025-08-05_09-02-58-855] Calling keyboard.press with args: ["h"]
[2025-08-05_09-02-58-936] Calling page.getByRole with args: ["textbox",{"name":"Description"}]
[2025-08-05_09-02-58-936] Calling locator.click with args: []
[2025-08-05_09-02-59-051] Calling keyboard.press with args: ["l"]
[2025-08-05_09-02-59-096] Calling keyboard.press with args: ["n"]
[2025-08-05_09-02-59-132] Calling keyboard.press with args: ["h"]
[2025-08-05_09-02-59-172] Calling page.screenshot with args: [{"path":"screenshots/Single_Item_-_General_Info-CHROMIUM-1920x1080-2025-08-05_09-02-59-172.jpg"}]
[2025-08-05_09-02-59-514] Calling page.getByRole with args: ["button",{"name":"Save"}]
[2025-08-05_09-02-59-516] Calling locator.click with args: []
[2025-08-05_09-02-59-653] Calling page.waitForTimeout with args: [10000]
[2025-08-05_09-03-09-675] Calling page.locator with args: ["xpath=//button[@id=\"deploy-button\"]"]
[2025-08-05_09-03-09-675] Calling locator.click with args: []
[2025-08-05_09-03-09-744] Calling page.getByRole with args: ["button",{"name":"Next"}]
[2025-08-05_09-03-09-745] Calling locator.click with args: []
[2025-08-05_09-03-10-295] Calling page.getByRole with args: ["button",{"name":"Next"}]
[2025-08-05_09-03-10-295] Calling locator.click with args: []
[2025-08-05_09-03-12-793] Calling page.getByRole with args: ["button",{"name":"Deploy (1)"}]
[2025-08-05_09-03-12-793] Calling locator.click with args: []
[2025-08-05_09-03-14-292] Calling page.getByRole with args: ["button"]
[2025-08-05_09-03-14-293] Calling locator.filter with args: [{"hasText":{}}]
[2025-08-05_09-03-14-294] Calling locator.click with args: []
[2025-08-05_09-03-14-492] Calling page.getByRole with args: ["textbox"]
[2025-08-05_09-03-14-493] Calling locator.press with args: ["ControlOrMeta+a"]
[2025-08-05_09-03-14-552] Calling page.getByRole with args: ["textbox"]
[2025-08-05_09-03-14-553] Calling locator.fill with args: ["Single_Item_-_General_Info-CHROMIUM-1920x1080-2025-08-05_09-02-05-387"]
[2025-08-05_09-03-14-628] Calling page.getByRole with args: ["button"]
[2025-08-05_09-03-14-629] Calling locator.filter with args: [{"hasText":{}}]
[2025-08-05_09-03-14-629] Calling locator.click with args: []
[2025-08-05_09-03-14-941] Calling page.getByRole with args: ["button",{"name":"Continue Deploy"}]
[2025-08-05_09-03-14-942] Calling locator.click with args: []
[2025-08-05_09-03-15-225] Calling page.waitForTimeout with args: [5000]
[2025-08-05_09-03-20-252] Calling page.goto with args: ["https://stg.my.deliverit.com.au/deployment-log"]
[2025-08-05_09-03-20-796] Calling page.waitForTimeout with args: [10000]
[2025-08-05_09-03-30-826] Calling page.getByRole with args: ["cell",{"name":"Single_Item_-_General_Info-CHROMIUM-1920x1080-2025-08-05_09-02-05-387"}]
[2025-08-05_09-03-30-826] Calling locator.count with args: []
[2025-08-05_09-03-30-837] Calling page.waitForTimeout with args: [5000]
[2025-08-05_09-03-30-871] → locator.count returned: 1
[2025-08-05_09-03-30-872] Calling locator.isVisible with args: []
[2025-08-05_09-03-30-916] → locator.isVisible returned: true
[2025-08-05_09-03-30-916] Calling locator.click with args: []
[2025-08-05_09-03-35-875] Calling page.locator with args: ["span.styles_id-value__MH_QF"]
[2025-08-05_09-03-35-875] Calling locator.textContent with args: []
[2025-08-05_09-03-35-899] → locator.textContent returned: "DYP-ywce0gt4h3okyw7vmmfwxgnu11014"
