[2025-08-05_16-03-27-408] Calling page.goto with args: ["https://stg.my.deliverit.com.au/"]
[2025-08-05_16-03-31-362] Calling page.getByRole with args: ["textbox",{"name":"Email"}]
[2025-08-05_16-03-31-364] Calling locator.click with args: []
[2025-08-05_16-03-31-495] Calling page.getByRole with args: ["textbox",{"name":"Email"}]
[2025-08-05_16-03-31-496] Calling locator.fill with args: ["april.joy@easypos.com.ph"]
[2025-08-05_16-03-31-530] Calling page.getByRole with args: ["textbox",{"name":"Password"}]
[2025-08-05_16-03-31-531] Calling locator.click with args: []
[2025-08-05_16-03-31-610] Calling page.getByRole with args: ["textbox",{"name":"Password"}]
[2025-08-05_16-03-31-611] Calling locator.fill with args: ["Easypass2025"]
[2025-08-05_16-03-31-647] Calling page.getByRole with args: ["button",{"name":"Sign in"}]
[2025-08-05_16-03-31-648] Calling locator.click with args: []
[2025-08-05_16-03-31-767] Calling page.waitForURL with args: ["**/menu-manager/items"]
[2025-08-05_16-03-34-900] Calling page.locator with args: ["#btn-store-selector"]
[2025-08-05_16-03-34-901] Calling locator.nth with args: [0]
[2025-08-05_16-03-34-901] Calling locator.waitFor with args: []
[2025-08-05_16-03-35-007] Calling page.viewportSize with args: []
[2025-08-05_16-03-35-008] Calling page.locator with args: ["#btn-store-selector"]
[2025-08-05_16-03-35-008] Calling locator.first with args: []
[2025-08-05_16-03-35-009] Calling locator.click with args: []
[2025-08-05_16-03-35-291] Calling page.getByRole with args: ["searchbox",{"name":"Search"}]
[2025-08-05_16-03-35-293] Calling locator.fill with args: ["VS Test Store 01"]
[2025-08-05_16-03-35-611] Calling page.getByRole with args: ["button",{"name":"VS Test Store 01"}]
[2025-08-05_16-03-35-612] Calling locator.click with args: []
[2025-08-05_16-03-35-775] Calling page.goto with args: ["https://stg.my.deliverit.com.au/deployment-log"]
[2025-08-05_16-03-36-537] Calling page.waitForURL with args: ["**/deployment-log"]
[2025-08-05_16-03-36-541] Calling page.getByText with args: ["Deployment Log"]
[2025-08-05_16-03-36-542] Calling locator.waitFor with args: []
[2025-08-05_16-03-36-886] Calling page.getByRole with args: ["checkbox",{"name":"Only show deployments for"}]
[2025-08-05_16-03-36-892] Calling locator.check with args: []
[2025-08-05_16-03-37-700] Calling page.locator with args: [".rdt_TableRow"]
[2025-08-05_16-03-37-701] Calling locator.count with args: []
[2025-08-05_16-03-37-729] → locator.count returned: 0
[2025-08-05_16-03-37-730] Calling page.goto with args: ["https://stg.my.deliverit.com.au/"]
[2025-08-05_16-03-38-147] Calling page.waitForURL with args: ["**/menu-manager/items"]
[2025-08-05_16-03-39-348] Calling page.getByRole with args: ["textbox",{"name":"Search PLU / Item Name here"}]
[2025-08-05_16-03-39-350] Calling locator.click with args: []
[2025-08-05_16-03-40-268] Calling page.getByRole with args: ["textbox",{"name":"Search PLU / Item Name here"}]
[2025-08-05_16-03-40-270] Calling locator.fill with args: ["STP05"]
[2025-08-05_16-03-40-426] Calling page.locator with args: ["xpath=//div[@id=\"row-0\"]"]
[2025-08-05_16-03-40-427] Calling locator.nth with args: [0]
[2025-08-05_16-03-40-428] Calling locator.click with args: []
