[2025-08-05_10-35-58-977] Calling page.goto with args: ["https://stg.my.deliverit.com.au/"]
[2025-08-05_10-36-02-805] Calling page.getByRole with args: ["textbox",{"name":"Email"}]
[2025-08-05_10-36-02-807] Calling locator.click with args: []
[2025-08-05_10-36-02-932] Calling page.getByRole with args: ["textbox",{"name":"Email"}]
[2025-08-05_10-36-02-933] Calling locator.fill with args: ["vin.cuenza@easypos.com.ph"]
[2025-08-05_10-36-02-963] Calling page.getByRole with args: ["textbox",{"name":"Password"}]
[2025-08-05_10-36-02-970] Calling locator.click with args: []
[2025-08-05_10-36-03-026] Calling page.getByRole with args: ["textbox",{"name":"Password"}]
[2025-08-05_10-36-03-027] Calling locator.fill with args: ["Aa1234567890!"]
[2025-08-05_10-36-03-050] Calling page.getByRole with args: ["button",{"name":"Sign in"}]
[2025-08-05_10-36-03-051] Calling locator.click with args: []
[2025-08-05_10-36-03-127] Calling page.waitForURL with args: ["**/menu-manager/items"]
[2025-08-05_10-36-18-830] Calling page.locator with args: ["#btn-store-selector"]
[2025-08-05_10-36-18-831] Calling locator.nth with args: [0]
[2025-08-05_10-36-18-832] Calling locator.waitFor with args: []
[2025-08-05_10-36-18-891] Calling page.viewportSize with args: []
[2025-08-05_10-36-18-892] Calling page.locator with args: ["#btn-store-selector"]
[2025-08-05_10-36-18-892] Calling locator.first with args: []
[2025-08-05_10-36-18-893] Calling locator.click with args: []
[2025-08-05_10-36-19-231] Calling page.getByRole with args: ["searchbox",{"name":"Search"}]
[2025-08-05_10-36-19-232] Calling locator.fill with args: ["VS Test Store 01"]
[2025-08-05_10-36-19-382] Calling page.getByRole with args: ["button",{"name":"VS Test Store 01"}]
[2025-08-05_10-36-19-382] Calling locator.click with args: []
[2025-08-05_10-36-19-523] Calling page.locator with args: [".rdt_TableBody"]
[2025-08-05_10-36-19-524] Calling locator.waitFor with args: []
[2025-08-05_10-36-20-378] Calling page.goto with args: ["https://stg.my.deliverit.com.au/deployment-log"]
[2025-08-05_10-36-21-952] Calling page.waitForURL with args: ["**/deployment-log"]
[2025-08-05_10-36-21-958] Calling page.getByRole with args: ["checkbox",{"name":"Only show deployments for"}]
[2025-08-05_10-36-21-958] Calling locator.check with args: []
[2025-08-05_10-36-23-218] Calling page.locator with args: [".rdt_TableRow"]
[2025-08-05_10-36-23-218] Calling locator.count with args: []
[2025-08-05_10-36-23-235] → locator.count returned: 0
[2025-08-05_10-36-23-236] Calling page.goto with args: ["https://stg.my.deliverit.com.au/"]
[2025-08-05_10-36-24-777] Calling page.waitForURL with args: ["**/menu-manager/items"]
[2025-08-05_10-36-26-425] Calling page.getByRole with args: ["textbox",{"name":"Search PLU / Item Name here"}]
[2025-08-05_10-36-26-425] Calling locator.click with args: []
[2025-08-05_10-36-27-570] Calling page.getByRole with args: ["textbox",{"name":"Search PLU / Item Name here"}]
[2025-08-05_10-36-27-570] Calling locator.fill with args: ["STP02"]
[2025-08-05_10-36-27-601] Calling page.locator with args: ["xpath=//div[@id=\"row-0\"]"]
[2025-08-05_10-36-27-601] Calling locator.nth with args: [0]
[2025-08-05_10-36-27-602] Calling locator.click with args: []
[2025-08-05_10-36-29-487] Calling page.getByRole with args: ["textbox",{"name":"Display Name"}]
[2025-08-05_10-36-29-488] Calling locator.click with args: []
[2025-08-05_10-36-31-595] Calling keyboard.press with args: ["l"]
[2025-08-05_10-36-31-644] Calling keyboard.press with args: ["d"]
[2025-08-05_10-36-31-671] Calling keyboard.press with args: ["i"]
[2025-08-05_10-36-31-711] Calling page.getByRole with args: ["textbox",{"name":"Print Name"}]
[2025-08-05_10-36-31-712] Calling locator.click with args: []
[2025-08-05_10-36-31-845] Calling keyboard.press with args: ["l"]
[2025-08-05_10-36-31-872] Calling keyboard.press with args: ["d"]
[2025-08-05_10-36-31-898] Calling keyboard.press with args: ["i"]
[2025-08-05_10-36-31-918] Calling page.getByRole with args: ["textbox",{"name":"Description"}]
[2025-08-05_10-36-31-919] Calling locator.click with args: []
[2025-08-05_10-36-32-033] Calling keyboard.press with args: ["l"]
[2025-08-05_10-36-32-061] Calling keyboard.press with args: ["d"]
[2025-08-05_10-36-32-089] Calling keyboard.press with args: ["i"]
[2025-08-05_10-36-32-110] Calling page.screenshot with args: [{"path":"screenshots/Single_Item_-_General_Info-CHROMIUM-1920x1080-2025-08-05_10-36-32-109.jpg"}]
[2025-08-05_10-36-32-498] Calling page.getByRole with args: ["button",{"name":"Save"}]
[2025-08-05_10-36-32-498] Calling locator.click with args: []
[2025-08-05_10-36-32-580] Calling page.waitForTimeout with args: [10000]
