[2025-08-05_10-39-59-210] Calling page.goto with args: ["https://stg.my.deliverit.com.au/"]
[2025-08-05_10-39-59-980] Calling page.getByRole with args: ["textbox",{"name":"Email"}]
[2025-08-05_10-39-59-980] Calling locator.click with args: []
[2025-08-05_10-40-00-108] Calling page.getByRole with args: ["textbox",{"name":"Email"}]
[2025-08-05_10-40-00-108] Calling locator.fill with args: ["vin.cuenza@easypos.com.ph"]
[2025-08-05_10-40-00-138] Calling page.getByRole with args: ["textbox",{"name":"Password"}]
[2025-08-05_10-40-00-145] Calling locator.click with args: []
[2025-08-05_10-40-00-199] Calling page.getByRole with args: ["textbox",{"name":"Password"}]
[2025-08-05_10-40-00-199] Calling locator.fill with args: ["Aa1234567890!"]
[2025-08-05_10-40-00-228] Calling page.getByRole with args: ["button",{"name":"Sign in"}]
[2025-08-05_10-40-00-228] Calling locator.click with args: []
[2025-08-05_10-40-00-317] Calling page.waitForURL with args: ["**/menu-manager/items"]
[2025-08-05_10-40-02-915] Calling page.locator with args: ["#btn-store-selector"]
[2025-08-05_10-40-02-916] Calling locator.nth with args: [0]
[2025-08-05_10-40-02-916] Calling locator.waitFor with args: []
[2025-08-05_10-40-02-981] Calling page.viewportSize with args: []
[2025-08-05_10-40-02-981] Calling page.locator with args: ["#btn-store-selector"]
[2025-08-05_10-40-02-982] Calling locator.first with args: []
[2025-08-05_10-40-02-982] Calling locator.click with args: []
[2025-08-05_10-40-03-206] Calling page.getByRole with args: ["searchbox",{"name":"Search"}]
[2025-08-05_10-40-03-207] Calling locator.fill with args: ["VS Test Store 01"]
[2025-08-05_10-40-03-343] Calling page.getByRole with args: ["button",{"name":"VS Test Store 01"}]
[2025-08-05_10-40-03-343] Calling locator.click with args: []
[2025-08-05_10-40-03-512] Calling page.getByText with args: ["Deployment Log"]
[2025-08-05_10-40-03-513] Calling locator.waitFor with args: []
