[2025-08-05_16-15-30-617] Calling page.goto with args: ["https://stg.my.deliverit.com.au/"]
[2025-08-05_16-15-31-720] Calling page.getByRole with args: ["textbox",{"name":"Email"}]
[2025-08-05_16-15-31-721] Calling locator.click with args: []
[2025-08-05_16-15-31-874] Calling page.getByRole with args: ["textbox",{"name":"Email"}]
[2025-08-05_16-15-31-874] Calling locator.fill with args: ["april.joy@easypos.com.ph"]
[2025-08-05_16-15-31-916] Calling page.getByRole with args: ["textbox",{"name":"Password"}]
[2025-08-05_16-15-31-918] Calling locator.click with args: []
[2025-08-05_16-15-31-968] Calling page.getByRole with args: ["textbox",{"name":"Password"}]
[2025-08-05_16-15-31-969] Calling locator.fill with args: ["Easypass2025"]
[2025-08-05_16-15-31-991] Calling page.getByRole with args: ["button",{"name":"Sign in"}]
[2025-08-05_16-15-31-991] Calling locator.click with args: []
[2025-08-05_16-15-32-075] Calling page.waitForURL with args: ["**/menu-manager/items"]
[2025-08-05_16-15-35-464] Calling page.locator with args: ["#btn-store-selector"]
[2025-08-05_16-15-35-466] Calling locator.nth with args: [0]
[2025-08-05_16-15-35-467] Calling locator.waitFor with args: []
[2025-08-05_16-15-35-629] Calling page.viewportSize with args: []
[2025-08-05_16-15-35-630] Calling page.locator with args: ["#btn-store-selector"]
[2025-08-05_16-15-35-631] Calling locator.first with args: []
[2025-08-05_16-15-35-632] Calling locator.click with args: []
[2025-08-05_16-15-36-254] Calling page.getByRole with args: ["searchbox",{"name":"Search"}]
[2025-08-05_16-15-36-255] Calling locator.fill with args: ["VS Test Store 01"]
[2025-08-05_16-15-36-689] Calling page.getByRole with args: ["button",{"name":"VS Test Store 01"}]
[2025-08-05_16-15-36-690] Calling locator.click with args: []
[2025-08-05_16-15-36-866] Calling page.waitForTimeout with args: [10000]
[2025-08-05_16-15-46-914] Calling page.goto with args: ["https://stg.my.deliverit.com.au/deployment-log"]
[2025-08-05_16-15-47-596] Calling page.waitForURL with args: ["**/deployment-log"]
[2025-08-05_16-15-47-609] Calling page.getByText with args: ["Deployment Log"]
[2025-08-05_16-15-47-611] Calling locator.waitFor with args: []
[2025-08-05_16-15-47-722] Calling page.getByRole with args: ["checkbox",{"name":"Only show deployments for"}]
[2025-08-05_16-15-47-723] Calling locator.check with args: []
[2025-08-05_16-15-49-065] Calling page.waitForTimeout with args: [10000]
[2025-08-05_16-15-59-206] Calling page.locator with args: [".rdt_TableRow"]
[2025-08-05_16-15-59-207] Calling locator.count with args: []
[2025-08-05_16-15-59-249] → locator.count returned: 5
[2025-08-05_16-15-59-250] Calling locator.nth with args: [0]
[2025-08-05_16-15-59-251] Calling locator.locator with args: [".rdt_TableCell",{"hasText":"VS Test Store 01"}]
[2025-08-05_16-15-59-253] Calling locator.count with args: []
[2025-08-05_16-15-59-299] → locator.count returned: 2
[2025-08-05_16-15-59-300] Calling locator.locator with args: ["[data-column-id=\"status\"] label"]
[2025-08-05_16-15-59-301] Calling locator.textContent with args: []
[2025-08-05_16-15-59-349] → locator.textContent returned: "Success"
[2025-08-05_16-15-59-350] Calling locator.nth with args: [1]
[2025-08-05_16-15-59-351] Calling locator.locator with args: [".rdt_TableCell",{"hasText":"VS Test Store 01"}]
[2025-08-05_16-15-59-351] Calling locator.count with args: []
[2025-08-05_16-15-59-383] → locator.count returned: 2
[2025-08-05_16-15-59-384] Calling locator.locator with args: ["[data-column-id=\"status\"] label"]
[2025-08-05_16-15-59-385] Calling locator.textContent with args: []
[2025-08-05_16-15-59-427] → locator.textContent returned: "Success"
[2025-08-05_16-15-59-430] Calling locator.nth with args: [2]
[2025-08-05_16-15-59-431] Calling locator.locator with args: [".rdt_TableCell",{"hasText":"VS Test Store 01"}]
[2025-08-05_16-15-59-432] Calling locator.count with args: []
[2025-08-05_16-15-59-457] → locator.count returned: 1
[2025-08-05_16-15-59-457] Calling locator.locator with args: ["[data-column-id=\"status\"] label"]
[2025-08-05_16-15-59-458] Calling locator.textContent with args: []
[2025-08-05_16-15-59-516] → locator.textContent returned: "Success"
[2025-08-05_16-15-59-516] Calling locator.nth with args: [3]
[2025-08-05_16-15-59-517] Calling locator.locator with args: [".rdt_TableCell",{"hasText":"VS Test Store 01"}]
[2025-08-05_16-15-59-518] Calling locator.count with args: []
[2025-08-05_16-15-59-543] → locator.count returned: 1
[2025-08-05_16-15-59-544] Calling locator.locator with args: ["[data-column-id=\"status\"] label"]
[2025-08-05_16-15-59-544] Calling locator.textContent with args: []
[2025-08-05_16-15-59-574] → locator.textContent returned: "Success"
[2025-08-05_16-15-59-575] Calling locator.nth with args: [4]
[2025-08-05_16-15-59-576] Calling locator.locator with args: [".rdt_TableCell",{"hasText":"VS Test Store 01"}]
[2025-08-05_16-15-59-577] Calling locator.count with args: []
[2025-08-05_16-15-59-608] → locator.count returned: 1
[2025-08-05_16-15-59-608] Calling locator.locator with args: ["[data-column-id=\"status\"] label"]
[2025-08-05_16-15-59-609] Calling locator.textContent with args: []
[2025-08-05_16-15-59-641] → locator.textContent returned: "Success"
[2025-08-05_16-15-59-642] Calling page.goto with args: ["https://stg.my.deliverit.com.au/"]
[2025-08-05_16-16-00-094] Calling page.waitForURL with args: ["**/menu-manager/items"]
[2025-08-05_16-16-01-105] Calling page.getByRole with args: ["textbox",{"name":"Search PLU / Item Name here"}]
[2025-08-05_16-16-01-106] Calling locator.click with args: []
[2025-08-05_16-16-01-921] Calling page.getByRole with args: ["textbox",{"name":"Search PLU / Item Name here"}]
[2025-08-05_16-16-01-922] Calling locator.fill with args: ["STP05"]
[2025-08-05_16-16-02-003] Calling page.locator with args: ["xpath=//div[@id=\"row-0\"]"]
[2025-08-05_16-16-02-005] Calling locator.nth with args: [0]
[2025-08-05_16-16-02-006] Calling locator.click with args: []
[2025-08-05_16-16-03-066] Calling page.getByRole with args: ["textbox",{"name":"Display Name"}]
[2025-08-05_16-16-03-068] Calling locator.click with args: []
[2025-08-05_16-16-04-593] Calling keyboard.press with args: ["h"]
[2025-08-05_16-16-04-683] Calling keyboard.press with args: ["r"]
[2025-08-05_16-16-04-760] Calling keyboard.press with args: ["a"]
[2025-08-05_16-16-04-826] Calling page.getByRole with args: ["textbox",{"name":"Print Name"}]
[2025-08-05_16-16-04-828] Calling locator.click with args: []
[2025-08-05_16-16-05-247] Calling keyboard.press with args: ["h"]
[2025-08-05_16-16-05-348] Calling keyboard.press with args: ["r"]
[2025-08-05_16-16-05-435] Calling keyboard.press with args: ["a"]
[2025-08-05_16-16-05-522] Calling page.getByRole with args: ["textbox",{"name":"Description"}]
[2025-08-05_16-16-05-523] Calling locator.click with args: []
[2025-08-05_16-16-05-861] Calling keyboard.press with args: ["h"]
[2025-08-05_16-16-05-963] Calling keyboard.press with args: ["r"]
[2025-08-05_16-16-06-029] Calling keyboard.press with args: ["a"]
[2025-08-05_16-16-06-100] Calling page.screenshot with args: [{"path":"screenshots/Single_Item_-_General_Info-CHROMIUM-1920x1080-2025-08-05_16-16-06-099.jpg"}]
[2025-08-05_16-16-06-657] Calling page.getByRole with args: ["button",{"name":"Save"}]
[2025-08-05_16-16-06-657] Calling locator.click with args: []
[2025-08-05_16-16-07-116] Calling page.waitForTimeout with args: [10000]
[2025-08-05_16-16-17-155] Calling page.locator with args: ["xpath=//button[@id=\"deploy-button\"]"]
[2025-08-05_16-16-17-156] Calling locator.click with args: []
[2025-08-05_16-16-17-263] Calling page.getByRole with args: ["button",{"name":"Next"}]
[2025-08-05_16-16-17-264] Calling locator.click with args: []
[2025-08-05_16-16-18-073] Calling page.getByRole with args: ["button",{"name":"Next"}]
[2025-08-05_16-16-18-073] Calling locator.click with args: []
[2025-08-05_16-16-20-476] Calling page.getByRole with args: ["button",{"name":"Deploy (1)"}]
[2025-08-05_16-16-20-477] Calling locator.click with args: []
[2025-08-05_16-16-21-573] Calling page.getByRole with args: ["button"]
[2025-08-05_16-16-21-575] Calling locator.filter with args: [{"hasText":{}}]
[2025-08-05_16-16-21-577] Calling locator.click with args: []
[2025-08-05_16-16-22-001] Calling page.getByRole with args: ["textbox"]
[2025-08-05_16-16-22-051] Calling locator.press with args: ["ControlOrMeta+a"]
[2025-08-05_16-16-22-117] Calling page.getByRole with args: ["textbox"]
[2025-08-05_16-16-22-118] Calling locator.fill with args: ["Single_Item_-_General_Info-CHROMIUM-1920x1080-2025-08-05_16-15-30-616"]
[2025-08-05_16-16-22-202] Calling page.getByRole with args: ["button"]
[2025-08-05_16-16-22-203] Calling locator.filter with args: [{"hasText":{}}]
[2025-08-05_16-16-22-204] Calling locator.click with args: []
[2025-08-05_16-16-22-559] Calling page.getByRole with args: ["button",{"name":"Continue Deploy"}]
[2025-08-05_16-16-22-559] Calling locator.click with args: []
[2025-08-05_16-16-23-013] Calling page.waitForTimeout with args: [5000]
[2025-08-05_16-16-28-045] Calling page.goto with args: ["https://stg.my.deliverit.com.au/deployment-log"]
[2025-08-05_16-16-28-658] Calling page.waitForTimeout with args: [10000]
[2025-08-05_16-16-38-806] Calling page.getByRole with args: ["cell",{"name":"Single_Item_-_General_Info-CHROMIUM-1920x1080-2025-08-05_16-15-30-616"}]
[2025-08-05_16-16-38-807] Calling locator.count with args: []
[2025-08-05_16-16-38-820] Calling page.waitForTimeout with args: [5000]
[2025-08-05_16-16-38-863] → locator.count returned: 1
[2025-08-05_16-16-38-863] Calling locator.isVisible with args: []
[2025-08-05_16-16-38-888] → locator.isVisible returned: true
[2025-08-05_16-16-38-888] Calling locator.click with args: []
[2025-08-05_16-16-43-869] Calling page.locator with args: ["span.styles_id-value__MH_QF"]
[2025-08-05_16-16-43-870] Calling locator.textContent with args: []
[2025-08-05_16-16-43-896] → locator.textContent returned: "DYP-bna867jj7hrdiaht1hmkyc2f11014"
