[2025-08-05_10-34-32-635] Calling page.goto with args: ["https://stg.my.deliverit.com.au/"]
[2025-08-05_10-34-36-842] Calling page.getByRole with args: ["textbox",{"name":"Email"}]
[2025-08-05_10-34-36-843] Calling locator.click with args: []
[2025-08-05_10-34-36-968] Calling page.getByRole with args: ["textbox",{"name":"Email"}]
[2025-08-05_10-34-36-969] Calling locator.fill with args: ["vin.cuenza@easypos.com.ph"]
[2025-08-05_10-34-36-996] Calling page.getByRole with args: ["textbox",{"name":"Password"}]
[2025-08-05_10-34-37-004] Calling locator.click with args: []
[2025-08-05_10-34-37-062] Calling page.getByRole with args: ["textbox",{"name":"Password"}]
[2025-08-05_10-34-37-063] Calling locator.fill with args: ["Aa1234567890!"]
[2025-08-05_10-34-37-087] Calling page.getByRole with args: ["button",{"name":"Sign in"}]
[2025-08-05_10-34-37-088] Calling locator.click with args: []
[2025-08-05_10-34-37-160] Calling page.waitForURL with args: ["**/menu-manager/items"]
[2025-08-05_10-34-52-235] Calling page.locator with args: ["#btn-store-selector"]
[2025-08-05_10-34-52-235] Calling locator.nth with args: [0]
[2025-08-05_10-34-52-236] Calling locator.waitFor with args: []
[2025-08-05_10-34-52-298] Calling page.viewportSize with args: []
[2025-08-05_10-34-52-299] Calling page.locator with args: ["#btn-store-selector"]
[2025-08-05_10-34-52-299] Calling locator.first with args: []
[2025-08-05_10-34-52-300] Calling locator.click with args: []
[2025-08-05_10-34-52-482] Calling page.getByRole with args: ["searchbox",{"name":"Search"}]
[2025-08-05_10-34-52-482] Calling locator.fill with args: ["VS Test Store 01"]
[2025-08-05_10-34-52-763] Calling page.getByRole with args: ["button",{"name":"VS Test Store 01"}]
[2025-08-05_10-34-52-763] Calling locator.click with args: []
[2025-08-05_10-34-52-933] Calling page.locator with args: [".rdt_TableBody"]
[2025-08-05_10-34-52-933] Calling locator.waitFor with args: []
[2025-08-05_10-34-53-788] Calling page.goto with args: ["https://stg.my.deliverit.com.au/deployment-log"]
[2025-08-05_10-34-55-408] Calling page.waitForURL with args: ["**/deployment-log"]
[2025-08-05_10-34-55-424] Calling page.getByRole with args: ["checkbox",{"name":"Only show deployments for"}]
[2025-08-05_10-34-55-425] Calling locator.check with args: []
[2025-08-05_10-34-57-077] Calling page.locator with args: [".rdt_TableRow"]
[2025-08-05_10-34-57-078] Calling locator.count with args: []
[2025-08-05_10-34-57-143] → locator.count returned: 0
[2025-08-05_10-34-57-144] Calling page.goto with args: ["https://stg.my.deliverit.com.au/"]
[2025-08-05_10-34-58-616] Calling page.waitForURL with args: ["**/menu-manager/items"]
[2025-08-05_10-35-00-355] Calling page.getByRole with args: ["textbox",{"name":"Search PLU / Item Name here"}]
[2025-08-05_10-35-00-356] Calling locator.click with args: []
[2025-08-05_10-35-01-763] Calling page.getByRole with args: ["textbox",{"name":"Search PLU / Item Name here"}]
[2025-08-05_10-35-01-763] Calling locator.fill with args: ["STP04"]
[2025-08-05_10-35-01-791] Calling page.locator with args: ["xpath=//div[@id=\"row-0\"]"]
[2025-08-05_10-35-01-792] Calling locator.nth with args: [0]
[2025-08-05_10-35-01-792] Calling locator.click with args: []
[2025-08-05_10-35-03-674] Calling page.getByRole with args: ["textbox",{"name":"Display Name"}]
[2025-08-05_10-35-03-675] Calling locator.click with args: []
[2025-08-05_10-35-05-674] Calling keyboard.press with args: ["m"]
[2025-08-05_10-35-05-715] Calling keyboard.press with args: ["o"]
[2025-08-05_10-35-05-745] Calling keyboard.press with args: ["m"]
[2025-08-05_10-35-05-780] Calling page.getByRole with args: ["textbox",{"name":"Print Name"}]
[2025-08-05_10-35-05-781] Calling locator.click with args: []
[2025-08-05_10-35-05-918] Calling keyboard.press with args: ["m"]
[2025-08-05_10-35-05-969] Calling keyboard.press with args: ["o"]
[2025-08-05_10-35-06-021] Calling keyboard.press with args: ["m"]
[2025-08-05_10-35-06-062] Calling page.getByRole with args: ["textbox",{"name":"Description"}]
[2025-08-05_10-35-06-063] Calling locator.click with args: []
[2025-08-05_10-35-06-216] Calling keyboard.press with args: ["m"]
[2025-08-05_10-35-06-244] Calling keyboard.press with args: ["o"]
[2025-08-05_10-35-06-268] Calling keyboard.press with args: ["m"]
[2025-08-05_10-35-06-288] Calling page.screenshot with args: [{"path":"screenshots/Single_Item_-_General_Info-CHROMIUM-1920x1080-2025-08-05_10-35-06-288.jpg"}]
[2025-08-05_10-35-06-571] Calling page.getByRole with args: ["button",{"name":"Save"}]
[2025-08-05_10-35-06-572] Calling locator.click with args: []
[2025-08-05_10-35-06-785] Calling page.waitForTimeout with args: [10000]
