[2025-08-05_09-46-09-612] Calling page.goto with args: ["https://stg.my.deliverit.com.au/"]
[2025-08-05_09-46-14-225] Calling page.getByRole with args: ["textbox",{"name":"Email"}]
[2025-08-05_09-46-14-226] Calling locator.click with args: []
[2025-08-05_09-46-14-367] Calling page.getByRole with args: ["textbox",{"name":"Email"}]
[2025-08-05_09-46-14-368] Calling locator.fill with args: ["vin.cuenza@easypos.com.ph"]
[2025-08-05_09-46-14-397] Calling page.getByRole with args: ["textbox",{"name":"Password"}]
[2025-08-05_09-46-14-404] Calling locator.click with args: []
[2025-08-05_09-46-14-470] Calling page.getByRole with args: ["textbox",{"name":"Password"}]
[2025-08-05_09-46-14-471] Calling locator.fill with args: ["Aa1234567890!"]
[2025-08-05_09-46-14-501] Calling page.getByRole with args: ["button",{"name":"Sign in"}]
[2025-08-05_09-46-14-501] Calling locator.click with args: []
[2025-08-05_09-46-14-579] Calling page.waitForURL with args: ["**/menu-manager/items"]
[2025-08-05_09-46-17-318] Calling page.locator with args: ["#btn-store-selector"]
[2025-08-05_09-46-17-318] Calling locator.nth with args: [0]
[2025-08-05_09-46-17-319] Calling locator.waitFor with args: []
[2025-08-05_09-46-17-433] Calling page.viewportSize with args: []
[2025-08-05_09-46-17-434] Calling page.locator with args: ["#btn-store-selector"]
[2025-08-05_09-46-17-434] Calling locator.first with args: []
[2025-08-05_09-46-17-435] Calling locator.click with args: []
[2025-08-05_09-46-17-623] Calling page.getByRole with args: ["searchbox",{"name":"Search"}]
[2025-08-05_09-46-17-624] Calling locator.fill with args: ["VS Test Store 01"]
[2025-08-05_09-46-17-830] Calling page.getByRole with args: ["button",{"name":"VS Test Store 01"}]
[2025-08-05_09-46-17-831] Calling locator.click with args: []
[2025-08-05_09-46-17-937] Calling page.locator with args: ["#btn-store-selector"]
[2025-08-05_09-46-17-938] Calling locator.nth with args: [0]
[2025-08-05_09-46-17-938] Calling locator.waitFor with args: []
[2025-08-05_09-46-17-957] Calling page.goto with args: ["https://stg.my.deliverit.com.au/deployment-log"]
[2025-08-05_09-46-18-404] Calling page.getByRole with args: ["checkbox",{"name":"Only show deployments for"}]
[2025-08-05_09-46-18-405] Calling locator.check with args: []
[2025-08-05_09-46-19-344] Calling page.waitForTimeout with args: [10000]
[2025-08-05_09-46-29-362] Calling page.locator with args: [".rdt_TableRow"]
[2025-08-05_09-46-29-363] Calling locator.count with args: []
[2025-08-05_09-46-29-375] → locator.count returned: 0
[2025-08-05_09-46-29-375] Calling page.goto with args: ["https://stg.my.deliverit.com.au/"]
[2025-08-05_09-46-29-854] Calling page.waitForTimeout with args: [10000]
[2025-08-05_09-46-39-949] Calling page.getByRole with args: ["textbox",{"name":"Search PLU / Item Name here"}]
[2025-08-05_09-46-39-951] Calling locator.click with args: []
[2025-08-05_09-46-40-037] Calling page.getByRole with args: ["textbox",{"name":"Search PLU / Item Name here"}]
[2025-08-05_09-46-40-038] Calling locator.fill with args: ["STP01"]
[2025-08-05_09-46-40-107] Calling page.locator with args: ["xpath=//div[@id=\"row-0\"]"]
[2025-08-05_09-46-40-107] Calling locator.nth with args: [0]
[2025-08-05_09-46-40-108] Calling locator.click with args: []
