[2025-08-05_16-13-16-349] Calling page.goto with args: ["https://stg.my.deliverit.com.au/"]
[2025-08-05_16-13-17-133] Calling page.getByRole with args: ["textbox",{"name":"Email"}]
[2025-08-05_16-13-17-135] Calling locator.click with args: []
[2025-08-05_16-13-17-492] Calling page.getByRole with args: ["textbox",{"name":"Email"}]
[2025-08-05_16-13-17-493] Calling locator.fill with args: ["april.joy@easypos.com.ph"]
[2025-08-05_16-13-17-612] Calling page.getByRole with args: ["textbox",{"name":"Password"}]
[2025-08-05_16-13-17-614] Calling locator.click with args: []
[2025-08-05_16-13-17-789] Calling page.getByRole with args: ["textbox",{"name":"Password"}]
[2025-08-05_16-13-17-790] Calling locator.fill with args: ["Easypass2025"]
[2025-08-05_16-13-17-977] Calling page.getByRole with args: ["button",{"name":"Sign in"}]
[2025-08-05_16-13-17-978] Calling locator.click with args: []
[2025-08-05_16-13-18-156] Calling page.waitForURL with args: ["**/menu-manager/items"]
[2025-08-05_16-13-21-509] Calling page.locator with args: ["#btn-store-selector"]
[2025-08-05_16-13-21-510] Calling locator.nth with args: [0]
[2025-08-05_16-13-21-512] Calling locator.waitFor with args: []
[2025-08-05_16-13-21-796] Calling page.viewportSize with args: []
[2025-08-05_16-13-21-797] Calling page.locator with args: ["#btn-store-selector"]
[2025-08-05_16-13-21-798] Calling locator.first with args: []
[2025-08-05_16-13-21-809] Calling locator.click with args: []
[2025-08-05_16-13-22-671] Calling page.getByRole with args: ["searchbox",{"name":"Search"}]
[2025-08-05_16-13-22-673] Calling locator.fill with args: ["VS Test Store 01"]
[2025-08-05_16-13-22-926] Calling page.getByRole with args: ["button",{"name":"VS Test Store 01"}]
[2025-08-05_16-13-22-927] Calling locator.click with args: []
[2025-08-05_16-13-23-398] Calling page.waitForTimeout with args: [10000]
[2025-08-05_16-13-33-470] Calling page.goto with args: ["https://stg.my.deliverit.com.au/deployment-log"]
[2025-08-05_16-13-34-285] Calling page.waitForURL with args: ["**/deployment-log"]
[2025-08-05_16-13-34-309] Calling page.getByText with args: ["Deployment Log"]
[2025-08-05_16-13-34-317] Calling locator.waitFor with args: []
[2025-08-05_16-13-34-475] Calling page.getByRole with args: ["checkbox",{"name":"Only show deployments for"}]
[2025-08-05_16-13-34-476] Calling locator.check with args: []
[2025-08-05_16-13-35-552] Calling page.locator with args: [".rdt_TableRow"]
[2025-08-05_16-13-35-553] Calling locator.count with args: []
[2025-08-05_16-13-35-616] → locator.count returned: 0
[2025-08-05_16-13-35-623] Calling page.goto with args: ["https://stg.my.deliverit.com.au/"]
[2025-08-05_16-13-36-147] Calling page.waitForURL with args: ["**/menu-manager/items"]
[2025-08-05_16-13-37-097] Calling page.getByRole with args: ["textbox",{"name":"Search PLU / Item Name here"}]
[2025-08-05_16-13-37-098] Calling locator.click with args: []
[2025-08-05_16-13-38-059] Calling page.getByRole with args: ["textbox",{"name":"Search PLU / Item Name here"}]
[2025-08-05_16-13-38-061] Calling locator.fill with args: ["STP03"]
[2025-08-05_16-13-38-108] Calling page.locator with args: ["xpath=//div[@id=\"row-0\"]"]
[2025-08-05_16-13-38-109] Calling locator.nth with args: [0]
[2025-08-05_16-13-38-109] Calling locator.click with args: []
[2025-08-05_16-13-39-057] Calling page.getByRole with args: ["textbox",{"name":"Display Name"}]
[2025-08-05_16-13-39-058] Calling locator.click with args: []
