[2025-08-05_10-27-33-029] Calling page.goto with args: ["https://stg.my.deliverit.com.au/"]
[2025-08-05_10-27-33-737] Calling page.getByRole with args: ["textbox",{"name":"Email"}]
[2025-08-05_10-27-33-738] Calling locator.click with args: []
[2025-08-05_10-27-33-851] Calling page.getByRole with args: ["textbox",{"name":"Email"}]
[2025-08-05_10-27-33-852] Calling locator.fill with args: ["vin.cuenza@easypos.com.ph"]
[2025-08-05_10-27-33-881] Calling page.getByRole with args: ["textbox",{"name":"Password"}]
[2025-08-05_10-27-33-888] Calling locator.click with args: []
[2025-08-05_10-27-33-946] Calling page.getByRole with args: ["textbox",{"name":"Password"}]
[2025-08-05_10-27-33-947] Calling locator.fill with args: ["Aa1234567890!"]
[2025-08-05_10-27-33-973] Calling page.getByRole with args: ["button",{"name":"Sign in"}]
[2025-08-05_10-27-33-973] Calling locator.click with args: []
[2025-08-05_10-27-34-048] Calling page.waitForURL with args: ["**/menu-manager/items"]
[2025-08-05_10-27-36-472] Calling page.locator with args: ["#btn-store-selector"]
[2025-08-05_10-27-36-473] Calling locator.nth with args: [0]
[2025-08-05_10-27-36-473] Calling locator.waitFor with args: []
[2025-08-05_10-27-36-529] Calling page.viewportSize with args: []
[2025-08-05_10-27-36-529] Calling page.locator with args: ["#btn-store-selector"]
[2025-08-05_10-27-36-529] Calling locator.first with args: []
[2025-08-05_10-27-36-530] Calling locator.click with args: []
[2025-08-05_10-27-36-764] Calling page.getByRole with args: ["searchbox",{"name":"Search"}]
[2025-08-05_10-27-36-765] Calling locator.fill with args: ["VS Test Store 01"]
[2025-08-05_10-27-36-991] Calling page.getByRole with args: ["button",{"name":"VS Test Store 01"}]
[2025-08-05_10-27-36-992] Calling locator.click with args: []
[2025-08-05_10-27-37-150] Calling page.locator with args: [".rdt_TableBody"]
[2025-08-05_10-27-37-150] Calling locator.waitFor with args: []
[2025-08-05_10-27-37-166] Calling page.goto with args: ["https://stg.my.deliverit.com.au/deployment-log"]
[2025-08-05_10-27-37-571] Calling page.getByRole with args: ["checkbox",{"name":"Only show deployments for"}]
[2025-08-05_10-27-37-572] Calling locator.check with args: []
[2025-08-05_10-27-38-495] Calling page.locator with args: [".rdt_TableBody"]
[2025-08-05_10-27-38-495] Calling locator.waitFor with args: []
