[2025-08-05_10-32-48-412] Calling page.goto with args: ["https://stg.my.deliverit.com.au/"]
[2025-08-05_10-32-49-309] Calling page.getByRole with args: ["textbox",{"name":"Email"}]
[2025-08-05_10-32-49-310] Calling locator.click with args: []
[2025-08-05_10-32-49-451] Calling page.getByRole with args: ["textbox",{"name":"Email"}]
[2025-08-05_10-32-49-452] Calling locator.fill with args: ["vin.cuenza@easypos.com.ph"]
[2025-08-05_10-32-49-490] Calling page.getByRole with args: ["textbox",{"name":"Password"}]
[2025-08-05_10-32-49-491] Calling locator.click with args: []
[2025-08-05_10-32-49-565] Calling page.getByRole with args: ["textbox",{"name":"Password"}]
[2025-08-05_10-32-49-565] Calling locator.fill with args: ["Aa1234567890!"]
[2025-08-05_10-32-49-609] Calling page.getByRole with args: ["button",{"name":"Sign in"}]
[2025-08-05_10-32-49-610] Calling locator.click with args: []
[2025-08-05_10-32-49-736] Calling page.waitForURL with args: ["**/menu-manager/items"]
[2025-08-05_10-32-52-463] Calling page.locator with args: ["#btn-store-selector"]
[2025-08-05_10-32-52-464] Calling locator.nth with args: [0]
[2025-08-05_10-32-52-464] Calling locator.waitFor with args: []
[2025-08-05_10-32-52-532] Calling page.viewportSize with args: []
[2025-08-05_10-32-52-533] Calling page.locator with args: ["#btn-store-selector"]
[2025-08-05_10-32-52-533] Calling locator.first with args: []
[2025-08-05_10-32-52-534] Calling locator.click with args: []
[2025-08-05_10-32-52-768] Calling page.getByRole with args: ["searchbox",{"name":"Search"}]
[2025-08-05_10-32-52-769] Calling locator.fill with args: ["VS Test Store 01"]
[2025-08-05_10-32-52-968] Calling page.getByRole with args: ["button",{"name":"VS Test Store 01"}]
[2025-08-05_10-32-52-969] Calling locator.click with args: []
[2025-08-05_10-32-53-170] Calling page.locator with args: [".rdt_TableBody"]
[2025-08-05_10-32-53-170] Calling locator.waitFor with args: []
[2025-08-05_10-32-53-213] Calling page.goto with args: ["https://stg.my.deliverit.com.au/deployment-log"]
[2025-08-05_10-32-53-721] Calling page.waitForURL with args: ["**/deployment-log"]
[2025-08-05_10-32-53-725] Calling page.getByRole with args: ["checkbox",{"name":"Only show deployments for"}]
[2025-08-05_10-32-53-725] Calling locator.check with args: []
[2025-08-05_10-32-54-659] Calling page.locator with args: [".rdt_TableRow"]
[2025-08-05_10-32-54-660] Calling locator.count with args: []
[2025-08-05_10-32-54-679] → locator.count returned: 0
[2025-08-05_10-32-54-679] Calling page.goto with args: ["https://stg.my.deliverit.com.au/"]
[2025-08-05_10-32-55-048] Calling page.waitForURL with args: ["**/menu-manager/items"]
[2025-08-05_10-32-55-587] Calling page.locator with args: ["#btn-store-selector"]
[2025-08-05_10-32-55-588] Calling locator.nth with args: [0]
[2025-08-05_10-32-55-588] Calling locator.waitFor with args: []
[2025-08-05_10-32-55-659] Calling page.getByRole with args: ["textbox",{"name":"Search PLU / Item Name here"}]
[2025-08-05_10-32-55-660] Calling locator.click with args: []
[2025-08-05_10-32-56-553] Calling page.getByRole with args: ["textbox",{"name":"Search PLU / Item Name here"}]
[2025-08-05_10-32-56-553] Calling locator.fill with args: ["STP05"]
[2025-08-05_10-32-56-581] Calling page.locator with args: ["xpath=//div[@id=\"row-0\"]"]
[2025-08-05_10-32-56-581] Calling locator.nth with args: [0]
[2025-08-05_10-32-56-582] Calling locator.click with args: []
