[2025-08-05_16-10-46-611] Calling page.goto with args: ["https://stg.my.deliverit.com.au/"]
[2025-08-05_16-10-47-641] Calling page.getByRole with args: ["textbox",{"name":"Email"}]
[2025-08-05_16-10-47-643] Calling locator.click with args: []
[2025-08-05_16-10-47-822] Calling page.getByRole with args: ["textbox",{"name":"Email"}]
[2025-08-05_16-10-47-822] Calling locator.fill with args: ["april.joy@easypos.com.ph"]
[2025-08-05_16-10-47-863] Calling page.getByRole with args: ["textbox",{"name":"Password"}]
[2025-08-05_16-10-47-865] Calling locator.click with args: []
[2025-08-05_16-10-47-927] Calling page.getByRole with args: ["textbox",{"name":"Password"}]
[2025-08-05_16-10-47-928] Calling locator.fill with args: ["Easypass2025"]
[2025-08-05_16-10-47-957] Calling page.getByRole with args: ["button",{"name":"Sign in"}]
[2025-08-05_16-10-47-957] Calling locator.click with args: []
[2025-08-05_16-10-48-062] Calling page.waitForURL with args: ["**/menu-manager/items"]
[2025-08-05_16-10-51-527] Calling page.locator with args: ["#btn-store-selector"]
[2025-08-05_16-10-51-530] Calling locator.nth with args: [0]
[2025-08-05_16-10-51-531] Calling locator.waitFor with args: []
[2025-08-05_16-10-51-688] Calling page.viewportSize with args: []
[2025-08-05_16-10-51-689] Calling page.locator with args: ["#btn-store-selector"]
[2025-08-05_16-10-51-693] Calling locator.first with args: []
[2025-08-05_16-10-51-695] Calling locator.click with args: []
[2025-08-05_16-10-52-634] Calling page.getByRole with args: ["searchbox",{"name":"Search"}]
[2025-08-05_16-10-52-635] Calling locator.fill with args: ["VS Test Store 01"]
[2025-08-05_16-10-52-848] Calling page.getByRole with args: ["button",{"name":"VS Test Store 01"}]
[2025-08-05_16-10-52-849] Calling locator.click with args: []
[2025-08-05_16-10-53-465] Calling page.goto with args: ["https://stg.my.deliverit.com.au/deployment-log"]
[2025-08-05_16-10-54-298] Calling page.waitForTimeout with args: [10000]
[2025-08-05_16-11-04-409] Calling page.waitForURL with args: ["**/deployment-log"]
[2025-08-05_16-11-04-416] Calling page.getByText with args: ["Deployment Log"]
[2025-08-05_16-11-04-419] Calling locator.waitFor with args: []
[2025-08-05_16-11-04-497] Calling page.getByRole with args: ["checkbox",{"name":"Only show deployments for"}]
[2025-08-05_16-11-04-498] Calling locator.check with args: []
[2025-08-05_16-11-04-635] Calling page.locator with args: [".rdt_TableRow"]
[2025-08-05_16-11-04-635] Calling locator.count with args: []
[2025-08-05_16-11-04-665] → locator.count returned: 0
[2025-08-05_16-11-04-667] Calling page.goto with args: ["https://stg.my.deliverit.com.au/"]
[2025-08-05_16-11-05-116] Calling page.waitForURL with args: ["**/menu-manager/items"]
[2025-08-05_16-11-06-132] Calling page.getByRole with args: ["textbox",{"name":"Search PLU / Item Name here"}]
[2025-08-05_16-11-06-134] Calling locator.click with args: []
[2025-08-05_16-11-06-991] Calling page.getByRole with args: ["textbox",{"name":"Search PLU / Item Name here"}]
[2025-08-05_16-11-06-995] Calling locator.fill with args: ["STP05"]
[2025-08-05_16-11-07-346] Calling page.locator with args: ["xpath=//div[@id=\"row-0\"]"]
[2025-08-05_16-11-07-347] Calling locator.nth with args: [0]
[2025-08-05_16-11-07-348] Calling locator.click with args: []
