[2025-08-05_10-29-40-220] Calling page.goto with args: ["https://stg.my.deliverit.com.au/"]
[2025-08-05_10-29-40-943] Calling page.getByRole with args: ["textbox",{"name":"Email"}]
[2025-08-05_10-29-40-944] Calling locator.click with args: []
[2025-08-05_10-29-41-063] Calling page.getByRole with args: ["textbox",{"name":"Email"}]
[2025-08-05_10-29-41-063] Calling locator.fill with args: ["vin.cuenza@easypos.com.ph"]
[2025-08-05_10-29-41-092] Calling page.getByRole with args: ["textbox",{"name":"Password"}]
[2025-08-05_10-29-41-101] Calling locator.click with args: []
[2025-08-05_10-29-41-156] Calling page.getByRole with args: ["textbox",{"name":"Password"}]
[2025-08-05_10-29-41-156] Calling locator.fill with args: ["Aa1234567890!"]
[2025-08-05_10-29-41-184] Calling page.getByRole with args: ["button",{"name":"Sign in"}]
[2025-08-05_10-29-41-184] Calling locator.click with args: []
[2025-08-05_10-29-41-264] Calling page.waitForURL with args: ["**/menu-manager/items"]
[2025-08-05_10-29-44-028] Calling page.locator with args: ["#btn-store-selector"]
[2025-08-05_10-29-44-029] Calling locator.nth with args: [0]
[2025-08-05_10-29-44-029] Calling locator.waitFor with args: []
[2025-08-05_10-29-44-103] Calling page.viewportSize with args: []
[2025-08-05_10-29-44-104] Calling page.locator with args: ["#btn-store-selector"]
[2025-08-05_10-29-44-104] Calling locator.first with args: []
[2025-08-05_10-29-44-105] Calling locator.click with args: []
[2025-08-05_10-29-44-457] Calling page.getByRole with args: ["searchbox",{"name":"Search"}]
[2025-08-05_10-29-44-457] Calling locator.fill with args: ["VS Test Store 01"]
[2025-08-05_10-29-44-590] Calling page.getByRole with args: ["button",{"name":"VS Test Store 01"}]
[2025-08-05_10-29-44-590] Calling locator.click with args: []
[2025-08-05_10-29-44-676] Calling page.locator with args: [".rdt_TableBody"]
[2025-08-05_10-29-44-676] Calling locator.waitFor with args: []
[2025-08-05_10-29-45-627] Calling page.goto with args: ["https://stg.my.deliverit.com.au/deployment-log"]
[2025-08-05_10-29-46-044] Calling page.getByRole with args: ["checkbox",{"name":"Only show deployments for"}]
[2025-08-05_10-29-46-044] Calling locator.check with args: []
[2025-08-05_10-29-47-989] Calling page.locator with args: [".rdt_TableRow"]
[2025-08-05_10-29-47-989] Calling locator.count with args: []
[2025-08-05_10-29-48-001] → locator.count returned: 0
[2025-08-05_10-29-48-001] Calling page.goto with args: ["https://stg.my.deliverit.com.au/"]
[2025-08-05_10-29-48-433] Calling page.getByRole with args: ["textbox",{"name":"Search PLU / Item Name here"}]
[2025-08-05_10-29-48-436] Calling locator.click with args: []
[2025-08-05_10-29-50-646] Calling page.getByRole with args: ["textbox",{"name":"Search PLU / Item Name here"}]
[2025-08-05_10-29-50-647] Calling locator.fill with args: ["STP01"]
[2025-08-05_10-29-50-683] Calling page.locator with args: ["xpath=//div[@id=\"row-0\"]"]
[2025-08-05_10-29-50-684] Calling locator.nth with args: [0]
[2025-08-05_10-29-50-684] Calling locator.click with args: []
[2025-08-05_10-29-52-088] Calling page.getByRole with args: ["textbox",{"name":"Display Name"}]
[2025-08-05_10-29-52-088] Calling locator.click with args: []
[2025-08-05_10-29-54-001] Calling keyboard.press with args: ["o"]
[2025-08-05_10-29-54-037] Calling keyboard.press with args: ["h"]
[2025-08-05_10-29-54-077] Calling keyboard.press with args: ["k"]
[2025-08-05_10-29-54-139] Calling page.getByRole with args: ["textbox",{"name":"Print Name"}]
[2025-08-05_10-29-54-139] Calling locator.click with args: []
[2025-08-05_10-29-54-304] Calling keyboard.press with args: ["o"]
[2025-08-05_10-29-54-331] Calling keyboard.press with args: ["h"]
[2025-08-05_10-29-54-355] Calling keyboard.press with args: ["k"]
[2025-08-05_10-29-54-378] Calling page.getByRole with args: ["textbox",{"name":"Description"}]
[2025-08-05_10-29-54-378] Calling locator.click with args: []
[2025-08-05_10-29-54-499] Calling keyboard.press with args: ["o"]
[2025-08-05_10-29-54-533] Calling keyboard.press with args: ["h"]
[2025-08-05_10-29-54-564] Calling keyboard.press with args: ["k"]
[2025-08-05_10-29-54-591] Calling page.screenshot with args: [{"path":"screenshots/Single_Item_-_General_Info-CHROMIUM-1920x1080-2025-08-05_10-29-54-591.jpg"}]
[2025-08-05_10-29-54-956] Calling page.getByRole with args: ["button",{"name":"Save"}]
[2025-08-05_10-29-54-957] Calling locator.click with args: []
[2025-08-05_10-29-55-085] Calling page.waitForTimeout with args: [10000]
[2025-08-05_10-30-05-102] Calling page.locator with args: ["xpath=//button[@id=\"deploy-button\"]"]
[2025-08-05_10-30-05-102] Calling locator.click with args: []
[2025-08-05_10-30-05-161] Calling page.getByRole with args: ["button",{"name":"Next"}]
[2025-08-05_10-30-05-162] Calling locator.click with args: []
[2025-08-05_10-30-05-645] Calling page.getByRole with args: ["button",{"name":"Next"}]
[2025-08-05_10-30-05-646] Calling locator.click with args: []
[2025-08-05_10-30-07-104] Calling page.getByRole with args: ["button",{"name":"Deploy (1)"}]
[2025-08-05_10-30-07-104] Calling locator.click with args: []
[2025-08-05_10-30-08-087] Calling page.getByRole with args: ["button"]
[2025-08-05_10-30-08-089] Calling locator.filter with args: [{"hasText":{}}]
[2025-08-05_10-30-08-090] Calling locator.click with args: []
[2025-08-05_10-30-08-260] Calling page.getByRole with args: ["textbox"]
[2025-08-05_10-30-08-261] Calling locator.press with args: ["ControlOrMeta+a"]
[2025-08-05_10-30-08-296] Calling page.getByRole with args: ["textbox"]
[2025-08-05_10-30-08-296] Calling locator.fill with args: ["Single_Item_-_General_Info-CHROMIUM-1920x1080-2025-08-05_10-29-40-220"]
[2025-08-05_10-30-08-467] Calling page.getByRole with args: ["button"]
[2025-08-05_10-30-08-468] Calling locator.filter with args: [{"hasText":{}}]
[2025-08-05_10-30-08-468] Calling locator.click with args: []
[2025-08-05_10-30-08-750] Calling page.getByRole with args: ["button",{"name":"Continue Deploy"}]
[2025-08-05_10-30-08-750] Calling locator.click with args: []
[2025-08-05_10-30-09-001] Calling page.waitForTimeout with args: [5000]
