[2025-08-05_10-39-01-856] Calling page.goto with args: ["https://stg.my.deliverit.com.au/"]
[2025-08-05_10-39-05-149] Calling page.getByRole with args: ["textbox",{"name":"Email"}]
[2025-08-05_10-39-05-150] Calling locator.click with args: []
[2025-08-05_10-39-05-277] Calling page.getByRole with args: ["textbox",{"name":"Email"}]
[2025-08-05_10-39-05-278] Calling locator.fill with args: ["vin.cuenza@easypos.com.ph"]
[2025-08-05_10-39-05-307] Calling page.getByRole with args: ["textbox",{"name":"Password"}]
[2025-08-05_10-39-05-308] Calling locator.click with args: []
[2025-08-05_10-39-05-370] Calling page.getByRole with args: ["textbox",{"name":"Password"}]
[2025-08-05_10-39-05-370] Calling locator.fill with args: ["Aa1234567890!"]
[2025-08-05_10-39-05-398] Calling page.getByRole with args: ["button",{"name":"Sign in"}]
[2025-08-05_10-39-05-398] Calling locator.click with args: []
[2025-08-05_10-39-05-482] Calling page.waitForURL with args: ["**/menu-manager/items"]
[2025-08-05_10-39-15-499] Calling page.locator with args: ["#btn-store-selector"]
[2025-08-05_10-39-15-500] Calling locator.nth with args: [0]
[2025-08-05_10-39-15-500] Calling locator.waitFor with args: []
[2025-08-05_10-39-15-566] Calling page.viewportSize with args: []
[2025-08-05_10-39-15-567] Calling page.locator with args: ["#btn-store-selector"]
[2025-08-05_10-39-15-567] Calling locator.first with args: []
[2025-08-05_10-39-15-567] Calling locator.click with args: []
[2025-08-05_10-39-15-739] Calling page.getByRole with args: ["searchbox",{"name":"Search"}]
[2025-08-05_10-39-15-740] Calling locator.fill with args: ["VS Test Store 01"]
[2025-08-05_10-39-16-036] Calling page.getByRole with args: ["button",{"name":"VS Test Store 01"}]
[2025-08-05_10-39-16-036] Calling locator.click with args: []
[2025-08-05_10-39-16-223] Calling page.locator with args: [".rdt_TableBody"]
[2025-08-05_10-39-16-223] Calling locator.waitFor with args: []
[2025-08-05_10-39-16-464] Calling page.goto with args: ["https://stg.my.deliverit.com.au/deployment-log"]
[2025-08-05_10-39-17-730] Calling page.waitForURL with args: ["**/deployment-log"]
[2025-08-05_10-39-17-743] Calling page.getByRole with args: ["checkbox",{"name":"Only show deployments for"}]
[2025-08-05_10-39-17-745] Calling locator.check with args: []
[2025-08-05_10-39-18-772] Calling page.locator with args: [".rdt_TableRow"]
[2025-08-05_10-39-18-772] Calling locator.count with args: []
[2025-08-05_10-39-18-790] → locator.count returned: 0
[2025-08-05_10-39-18-791] Calling page.goto with args: ["https://stg.my.deliverit.com.au/"]
[2025-08-05_10-39-19-978] Calling page.waitForURL with args: ["**/menu-manager/items"]
[2025-08-05_10-39-21-384] Calling page.getByRole with args: ["textbox",{"name":"Search PLU / Item Name here"}]
[2025-08-05_10-39-21-393] Calling locator.click with args: []
[2025-08-05_10-39-22-375] Calling page.getByRole with args: ["textbox",{"name":"Search PLU / Item Name here"}]
[2025-08-05_10-39-22-375] Calling locator.fill with args: ["STP01"]
[2025-08-05_10-39-22-406] Calling page.locator with args: ["xpath=//div[@id=\"row-0\"]"]
[2025-08-05_10-39-22-406] Calling locator.nth with args: [0]
[2025-08-05_10-39-22-407] Calling locator.click with args: []
