[2025-08-05_10-22-06-553] Calling page.goto with args: ["https://stg.my.deliverit.com.au/"]
[2025-08-05_10-22-11-110] Calling page.getByRole with args: ["textbox",{"name":"Email"}]
[2025-08-05_10-22-11-110] Calling locator.click with args: []
[2025-08-05_10-22-11-235] Calling page.getByRole with args: ["textbox",{"name":"Email"}]
[2025-08-05_10-22-11-235] Calling locator.fill with args: ["vin.cuenza@easypos.com.ph"]
[2025-08-05_10-22-11-260] Calling page.getByRole with args: ["textbox",{"name":"Password"}]
[2025-08-05_10-22-11-268] Calling locator.click with args: []
[2025-08-05_10-22-11-324] Calling page.getByRole with args: ["textbox",{"name":"Password"}]
[2025-08-05_10-22-11-324] Calling locator.fill with args: ["Aa1234567890!"]
[2025-08-05_10-22-11-349] Calling page.getByRole with args: ["button",{"name":"Sign in"}]
[2025-08-05_10-22-11-349] Calling locator.click with args: []
[2025-08-05_10-22-11-491] Calling page.waitForURL with args: ["**/menu-manager/items"]
[2025-08-05_10-22-14-471] Calling page.locator with args: ["#btn-store-selector"]
[2025-08-05_10-22-14-471] Calling locator.nth with args: [0]
[2025-08-05_10-22-14-471] Calling locator.waitFor with args: []
[2025-08-05_10-22-14-546] Calling page.viewportSize with args: []
[2025-08-05_10-22-14-546] Calling page.locator with args: ["#btn-store-selector"]
[2025-08-05_10-22-14-546] Calling locator.first with args: []
[2025-08-05_10-22-14-547] Calling locator.click with args: []
[2025-08-05_10-22-14-761] Calling page.getByRole with args: ["searchbox",{"name":"Search"}]
[2025-08-05_10-22-14-762] Calling locator.fill with args: ["VS Test Store 01"]
[2025-08-05_10-22-14-938] Calling page.getByRole with args: ["button",{"name":"VS Test Store 01"}]
[2025-08-05_10-22-14-938] Calling locator.click with args: []
[2025-08-05_10-22-15-044] Calling page.locator with args: ["#btn-store-selector"]
[2025-08-05_10-22-15-044] Calling locator.nth with args: [0]
[2025-08-05_10-22-15-044] Calling locator.waitFor with args: []
[2025-08-05_10-22-15-067] Calling page.goto with args: ["https://stg.my.deliverit.com.au/deployment-log"]
[2025-08-05_10-22-15-746] Calling page.getByRole with args: ["checkbox",{"name":"Only show deployments for"}]
[2025-08-05_10-22-15-747] Calling locator.check with args: []
[2025-08-05_10-22-16-680] Calling page.locator with args: [".rdt_TableBody"]
[2025-08-05_10-22-16-681] Calling locator.waitFor with args: []
