[2025-08-05_16-05-20-584] Calling page.goto with args: ["https://stg.my.deliverit.com.au/"]
[2025-08-05_16-05-21-301] Calling page.getByRole with args: ["textbox",{"name":"Email"}]
[2025-08-05_16-05-21-302] Calling locator.click with args: []
[2025-08-05_16-05-21-435] Calling page.getByRole with args: ["textbox",{"name":"Email"}]
[2025-08-05_16-05-21-436] Calling locator.fill with args: ["april.joy@easypos.com.ph"]
[2025-08-05_16-05-21-476] Calling page.getByRole with args: ["textbox",{"name":"Password"}]
[2025-08-05_16-05-21-478] Calling locator.click with args: []
[2025-08-05_16-05-21-542] Calling page.getByRole with args: ["textbox",{"name":"Password"}]
[2025-08-05_16-05-21-543] Calling locator.fill with args: ["Easypass2025"]
[2025-08-05_16-05-21-572] Calling page.getByRole with args: ["button",{"name":"Sign in"}]
[2025-08-05_16-05-21-572] Calling locator.click with args: []
[2025-08-05_16-05-21-699] Calling page.waitForURL with args: ["**/menu-manager/items"]
[2025-08-05_16-05-24-681] Calling page.locator with args: ["#btn-store-selector"]
[2025-08-05_16-05-24-682] Calling locator.nth with args: [0]
[2025-08-05_16-05-24-684] Calling locator.waitFor with args: []
[2025-08-05_16-05-24-905] Calling page.viewportSize with args: []
[2025-08-05_16-05-24-906] Calling page.locator with args: ["#btn-store-selector"]
[2025-08-05_16-05-24-907] Calling locator.first with args: []
[2025-08-05_16-05-24-908] Calling locator.click with args: []
[2025-08-05_16-05-25-772] Calling page.getByRole with args: ["searchbox",{"name":"Search"}]
[2025-08-05_16-05-25-775] Calling locator.fill with args: ["VS Test Store 01"]
[2025-08-05_16-05-26-265] Calling page.getByRole with args: ["button",{"name":"VS Test Store 01"}]
[2025-08-05_16-05-26-267] Calling locator.click with args: []
[2025-08-05_16-05-26-640] Calling page.goto with args: ["https://stg.my.deliverit.com.au/deployment-log"]
[2025-08-05_16-05-27-493] Calling page.waitForURL with args: ["**/deployment-log"]
[2025-08-05_16-05-27-506] Calling page.getByText with args: ["Deployment Log"]
[2025-08-05_16-05-27-510] Calling locator.waitFor with args: []
[2025-08-05_16-05-28-232] Calling page.getByRole with args: ["checkbox",{"name":"Only show deployments for"}]
[2025-08-05_16-05-28-233] Calling locator.check with args: []
[2025-08-05_16-05-29-564] Calling page.locator with args: [".rdt_TableRow"]
[2025-08-05_16-05-29-582] Calling locator.count with args: []
[2025-08-05_16-05-29-763] → locator.count returned: 0
[2025-08-05_16-05-29-764] Calling page.goto with args: ["https://stg.my.deliverit.com.au/"]
[2025-08-05_16-05-30-867] Calling page.waitForURL with args: ["**/menu-manager/items"]
[2025-08-05_16-05-32-193] Calling page.getByRole with args: ["textbox",{"name":"Search PLU / Item Name here"}]
[2025-08-05_16-05-32-198] Calling locator.click with args: []
[2025-08-05_16-05-32-940] Calling page.getByRole with args: ["textbox",{"name":"Search PLU / Item Name here"}]
[2025-08-05_16-05-32-942] Calling locator.fill with args: ["STP03"]
[2025-08-05_16-05-32-988] Calling page.locator with args: ["xpath=//div[@id=\"row-0\"]"]
[2025-08-05_16-05-32-989] Calling locator.nth with args: [0]
[2025-08-05_16-05-32-989] Calling locator.click with args: []
