[2025-08-05_16-11-53-853] Calling page.goto with args: ["https://stg.my.deliverit.com.au/"]
[2025-08-05_16-11-54-630] Calling page.getByRole with args: ["textbox",{"name":"Email"}]
[2025-08-05_16-11-54-631] Calling locator.click with args: []
[2025-08-05_16-11-54-756] Calling page.getByRole with args: ["textbox",{"name":"Email"}]
[2025-08-05_16-11-54-757] Calling locator.fill with args: ["april.joy@easypos.com.ph"]
[2025-08-05_16-11-54-804] Calling page.getByRole with args: ["textbox",{"name":"Password"}]
[2025-08-05_16-11-54-806] Calling locator.click with args: []
[2025-08-05_16-11-54-898] Calling page.getByRole with args: ["textbox",{"name":"Password"}]
[2025-08-05_16-11-54-899] Calling locator.fill with args: ["Easypass2025"]
[2025-08-05_16-11-54-931] Calling page.getByRole with args: ["button",{"name":"Sign in"}]
[2025-08-05_16-11-54-931] Calling locator.click with args: []
[2025-08-05_16-11-55-033] Calling page.waitForURL with args: ["**/menu-manager/items"]
[2025-08-05_16-11-58-023] Calling page.locator with args: ["#btn-store-selector"]
[2025-08-05_16-11-58-024] Calling locator.nth with args: [0]
[2025-08-05_16-11-58-024] Calling locator.waitFor with args: []
[2025-08-05_16-11-58-124] Calling page.viewportSize with args: []
[2025-08-05_16-11-58-124] Calling page.locator with args: ["#btn-store-selector"]
[2025-08-05_16-11-58-125] Calling locator.first with args: []
[2025-08-05_16-11-58-126] Calling locator.click with args: []
[2025-08-05_16-11-58-522] Calling page.getByRole with args: ["searchbox",{"name":"Search"}]
[2025-08-05_16-11-58-523] Calling locator.fill with args: ["VS Test Store 01"]
[2025-08-05_16-11-58-816] Calling page.getByRole with args: ["button",{"name":"VS Test Store 01"}]
[2025-08-05_16-11-58-818] Calling locator.click with args: []
[2025-08-05_16-11-59-239] Calling page.waitForTimeout with args: [10000]
[2025-08-05_16-12-09-291] Calling page.goto with args: ["https://stg.my.deliverit.com.au/deployment-log"]
[2025-08-05_16-12-09-919] Calling page.waitForTimeout with args: [10000]
[2025-08-05_16-12-19-943] Calling page.waitForURL with args: ["**/deployment-log"]
[2025-08-05_16-12-19-948] Calling page.getByText with args: ["Deployment Log"]
[2025-08-05_16-12-19-949] Calling locator.waitFor with args: []
[2025-08-05_16-12-20-000] Calling page.getByRole with args: ["checkbox",{"name":"Only show deployments for"}]
[2025-08-05_16-12-20-001] Calling locator.check with args: []
[2025-08-05_16-12-20-081] Calling page.locator with args: [".rdt_TableRow"]
[2025-08-05_16-12-20-081] Calling locator.count with args: []
[2025-08-05_16-12-20-102] → locator.count returned: 0
[2025-08-05_16-12-20-103] Calling page.goto with args: ["https://stg.my.deliverit.com.au/"]
[2025-08-05_16-12-20-514] Calling page.waitForURL with args: ["**/menu-manager/items"]
[2025-08-05_16-12-21-415] Calling page.getByRole with args: ["textbox",{"name":"Search PLU / Item Name here"}]
[2025-08-05_16-12-21-417] Calling locator.click with args: []
[2025-08-05_16-12-22-682] Calling page.getByRole with args: ["textbox",{"name":"Search PLU / Item Name here"}]
[2025-08-05_16-12-22-684] Calling locator.fill with args: ["STP04"]
[2025-08-05_16-12-22-751] Calling page.locator with args: ["xpath=//div[@id=\"row-0\"]"]
[2025-08-05_16-12-22-752] Calling locator.nth with args: [0]
[2025-08-05_16-12-22-752] Calling locator.click with args: []
[2025-08-05_16-12-23-728] Calling page.getByRole with args: ["textbox",{"name":"Display Name"}]
[2025-08-05_16-12-23-729] Calling locator.click with args: []
[2025-08-05_16-12-26-081] Calling keyboard.press with args: ["s"]
[2025-08-05_16-12-26-150] Calling keyboard.press with args: ["r"]
[2025-08-05_16-12-26-203] Calling keyboard.press with args: ["t"]
[2025-08-05_16-12-26-253] Calling page.getByRole with args: ["textbox",{"name":"Print Name"}]
[2025-08-05_16-12-26-254] Calling locator.click with args: []
[2025-08-05_16-12-26-493] Calling keyboard.press with args: ["s"]
[2025-08-05_16-12-26-603] Calling keyboard.press with args: ["r"]
[2025-08-05_16-12-26-691] Calling keyboard.press with args: ["t"]
[2025-08-05_16-12-26-800] Calling page.getByRole with args: ["textbox",{"name":"Description"}]
[2025-08-05_16-12-26-801] Calling locator.click with args: []
[2025-08-05_16-12-27-141] Calling keyboard.press with args: ["s"]
[2025-08-05_16-12-27-214] Calling keyboard.press with args: ["r"]
[2025-08-05_16-12-27-262] Calling keyboard.press with args: ["t"]
[2025-08-05_16-12-27-309] Calling page.screenshot with args: [{"path":"screenshots/Single_Item_-_General_Info-CHROMIUM-1920x1080-2025-08-05_16-12-27-308.jpg"}]
[2025-08-05_16-12-27-806] Calling page.getByRole with args: ["button",{"name":"Save"}]
[2025-08-05_16-12-27-807] Calling locator.click with args: []
[2025-08-05_16-12-28-105] Calling page.waitForTimeout with args: [10000]
