[2025-08-05_10-24-06-271] Calling page.goto with args: ["https://stg.my.deliverit.com.au/"]
[2025-08-05_10-24-06-887] Calling page.getByRole with args: ["textbox",{"name":"Email"}]
[2025-08-05_10-24-06-887] Calling locator.click with args: []
[2025-08-05_10-24-07-009] Calling page.getByRole with args: ["textbox",{"name":"Email"}]
[2025-08-05_10-24-07-009] Calling locator.fill with args: ["vin.cuenza@easypos.com.ph"]
[2025-08-05_10-24-07-039] Calling page.getByRole with args: ["textbox",{"name":"Password"}]
[2025-08-05_10-24-07-047] Calling locator.click with args: []
[2025-08-05_10-24-07-106] Calling page.getByRole with args: ["textbox",{"name":"Password"}]
[2025-08-05_10-24-07-107] Calling locator.fill with args: ["Aa1234567890!"]
[2025-08-05_10-24-07-130] Calling page.getByRole with args: ["button",{"name":"Sign in"}]
[2025-08-05_10-24-07-130] Calling locator.click with args: []
[2025-08-05_10-24-07-206] Calling page.waitForURL with args: ["**/menu-manager/items"]
[2025-08-05_10-24-10-144] Calling page.locator with args: ["#btn-store-selector"]
[2025-08-05_10-24-10-144] Calling locator.nth with args: [0]
[2025-08-05_10-24-10-145] Calling locator.waitFor with args: []
[2025-08-05_10-24-10-204] Calling page.viewportSize with args: []
[2025-08-05_10-24-10-204] Calling page.locator with args: ["#btn-store-selector"]
[2025-08-05_10-24-10-205] Calling locator.first with args: []
[2025-08-05_10-24-10-205] Calling locator.click with args: []
[2025-08-05_10-24-10-472] Calling page.getByRole with args: ["searchbox",{"name":"Search"}]
[2025-08-05_10-24-10-473] Calling locator.fill with args: ["VS Test Store 01"]
[2025-08-05_10-24-10-569] Calling page.getByRole with args: ["button",{"name":"VS Test Store 01"}]
[2025-08-05_10-24-10-570] Calling locator.click with args: []
[2025-08-05_10-24-10-703] Calling page.locator with args: ["#btn-store-selector"]
[2025-08-05_10-24-10-704] Calling locator.nth with args: [0]
[2025-08-05_10-24-10-704] Calling locator.waitFor with args: []
[2025-08-05_10-24-10-726] Calling page.goto with args: ["https://stg.my.deliverit.com.au/deployment-log"]
[2025-08-05_10-24-11-208] Calling page.getByRole with args: ["checkbox",{"name":"Only show deployments for"}]
[2025-08-05_10-24-11-208] Calling locator.check with args: []
[2025-08-05_10-24-12-155] Calling page.locator with args: [".rdt_TableBody"]
[2025-08-05_10-24-12-156] Calling locator.waitFor with args: []
