[2025-08-05_10-42-40-897] Calling page.goto with args: ["https://stg.my.deliverit.com.au/"]
[2025-08-05_10-42-41-516] Calling page.getByRole with args: ["textbox",{"name":"Email"}]
[2025-08-05_10-42-41-517] Calling locator.click with args: []
[2025-08-05_10-42-41-633] Calling page.getByRole with args: ["textbox",{"name":"Email"}]
[2025-08-05_10-42-41-633] Calling locator.fill with args: ["vin.cuenza@easypos.com.ph"]
[2025-08-05_10-42-41-661] Calling page.getByRole with args: ["textbox",{"name":"Password"}]
[2025-08-05_10-42-41-669] Calling locator.click with args: []
[2025-08-05_10-42-41-725] Calling page.getByRole with args: ["textbox",{"name":"Password"}]
[2025-08-05_10-42-41-725] Calling locator.fill with args: ["Aa1234567890!"]
[2025-08-05_10-42-41-754] Calling page.getByRole with args: ["button",{"name":"Sign in"}]
[2025-08-05_10-42-41-754] Calling locator.click with args: []
[2025-08-05_10-42-41-828] Calling page.waitForURL with args: ["**/menu-manager/items"]
[2025-08-05_10-42-44-493] Calling page.locator with args: ["#btn-store-selector"]
[2025-08-05_10-42-44-493] Calling locator.nth with args: [0]
[2025-08-05_10-42-44-494] Calling locator.waitFor with args: []
[2025-08-05_10-42-44-560] Calling page.viewportSize with args: []
[2025-08-05_10-42-44-560] Calling page.locator with args: ["#btn-store-selector"]
[2025-08-05_10-42-44-561] Calling locator.first with args: []
[2025-08-05_10-42-44-561] Calling locator.click with args: []
[2025-08-05_10-42-44-802] Calling page.getByRole with args: ["searchbox",{"name":"Search"}]
[2025-08-05_10-42-44-803] Calling locator.fill with args: ["VS Test Store 01"]
[2025-08-05_10-42-44-944] Calling page.getByRole with args: ["button",{"name":"VS Test Store 01"}]
[2025-08-05_10-42-44-944] Calling locator.click with args: []
[2025-08-05_10-42-45-046] Calling page.goto with args: ["https://stg.my.deliverit.com.au/deployment-log"]
[2025-08-05_10-42-45-464] Calling page.waitForURL with args: ["**/deployment-log"]
[2025-08-05_10-42-45-467] Calling page.getByText with args: ["Deployment Log"]
[2025-08-05_10-42-45-468] Calling locator.waitFor with args: []
[2025-08-05_10-42-45-715] Calling page.getByRole with args: ["checkbox",{"name":"Only show deployments for"}]
[2025-08-05_10-42-45-715] Calling locator.check with args: []
[2025-08-05_10-42-46-362] Calling page.locator with args: [".rdt_TableRow"]
[2025-08-05_10-42-46-362] Calling locator.count with args: []
[2025-08-05_10-42-46-386] → locator.count returned: 0
[2025-08-05_10-42-46-387] Calling page.goto with args: ["https://stg.my.deliverit.com.au/"]
[2025-08-05_10-42-46-745] Calling page.waitForURL with args: ["**/menu-manager/items"]
[2025-08-05_10-42-47-276] Calling page.getByRole with args: ["textbox",{"name":"Search PLU / Item Name here"}]
[2025-08-05_10-42-47-276] Calling locator.click with args: []
[2025-08-05_10-42-48-219] Calling page.getByRole with args: ["textbox",{"name":"Search PLU / Item Name here"}]
[2025-08-05_10-42-48-220] Calling locator.fill with args: ["STP01"]
[2025-08-05_10-42-48-248] Calling page.locator with args: ["xpath=//div[@id=\"row-0\"]"]
[2025-08-05_10-42-48-249] Calling locator.nth with args: [0]
[2025-08-05_10-42-48-249] Calling locator.click with args: []
